<?xml version="1.0" encoding="UTF-8"?>
<testng-results ignored="0" total="2" passed="2" failed="0" skipped="0">
  <reporter-output>
  </reporter-output>
  <suite started-at="2021-06-17T15:27:37 CDT" name="Default suite" finished-at="2021-06-17T15:27:37 CDT" duration-ms="38">
    <groups>
    </groups>
    <test started-at="2021-06-17T15:27:37 CDT" name="Default test" finished-at="2021-06-17T15:27:37 CDT" duration-ms="38">
      <class name="qaclickacademy.mavenjava.RestAPITest">
        <test-method signature="DeleteTwitter()[pri:0, instance:qaclickacademy.mavenjava.RestAPITest@27ae2fd0]" started-at="2021-06-17T15:27:37 CDT" name="DeleteTwitter" finished-at="2021-06-17T15:27:37 CDT" duration-ms="6" status="PASS">
          <reporter-output>
          </reporter-output>
        </test-method> <!-- DeleteTwitter -->
        <test-method signature="PostJira()[pri:0, instance:qaclickacademy.mavenjava.RestAPITest@27ae2fd0]" started-at="2021-06-17T15:27:37 CDT" name="PostJira" finished-at="2021-06-17T15:27:37 CDT" duration-ms="2" status="PASS">
          <reporter-output>
          </reporter-output>
        </test-method> <!-- PostJira -->
      </class> <!-- qaclickacademy.mavenjava.RestAPITest -->
    </test> <!-- Default test -->
  </suite> <!-- Default suite -->
</testng-results>
